<?xml version="1.0" encoding="UTF-8"?>
<testsuite xmlns:xsi="http://www.w3.org/2001/XMLSchema-instance" xsi:noNamespaceSchemaLocation="https://maven.apache.org/surefire/maven-surefire-plugin/xsd/surefire-test-report-3.0.xsd" version="3.0" name="com.example.demo.service.DBLoggerServiceTest" time="0.293" tests="1" errors="0" skipped="0" failures="0">
  <properties>
    <property name="java.specification.version" value="17"/>
    <property name="sun.jnu.encoding" value="UTF-8"/>
    <property name="java.class.path" value="/home/oleg/Downloads/gift_and_go_task/gift_and_go_task/target/test-classes:/home/oleg/Downloads/gift_and_go_task/gift_and_go_task/target/classes:/home/oleg/.m2/repository/org/springframework/boot/spring-boot-starter-web/3.3.1/spring-boot-starter-web-3.3.1.jar:/home/oleg/.m2/repository/org/springframework/boot/spring-boot-starter/3.3.1/spring-boot-starter-3.3.1.jar:/home/oleg/.m2/repository/org/springframework/boot/spring-boot/3.3.1/spring-boot-3.3.1.jar:/home/oleg/.m2/repository/org/springframework/boot/spring-boot-autoconfigure/3.3.1/spring-boot-autoconfigure-3.3.1.jar:/home/oleg/.m2/repository/org/springframework/boot/spring-boot-starter-logging/3.3.1/spring-boot-starter-logging-3.3.1.jar:/home/oleg/.m2/repository/ch/qos/logback/logback-classic/1.5.6/logback-classic-1.5.6.jar:/home/oleg/.m2/repository/ch/qos/logback/logback-core/1.5.6/logback-core-1.5.6.jar:/home/oleg/.m2/repository/org/apache/logging/log4j/log4j-to-slf4j/2.23.1/log4j-to-slf4j-2.23.1.jar:/home/oleg/.m2/repository/org/apache/logging/log4j/log4j-api/2.23.1/log4j-api-2.23.1.jar:/home/oleg/.m2/repository/org/slf4j/jul-to-slf4j/2.0.13/jul-to-slf4j-2.0.13.jar:/home/oleg/.m2/repository/jakarta/annotation/jakarta.annotation-api/2.1.1/jakarta.annotation-api-2.1.1.jar:/home/oleg/.m2/repository/org/yaml/snakeyaml/2.2/snakeyaml-2.2.jar:/home/oleg/.m2/repository/org/springframework/boot/spring-boot-starter-json/3.3.1/spring-boot-starter-json-3.3.1.jar:/home/oleg/.m2/repository/com/fasterxml/jackson/datatype/jackson-datatype-jdk8/2.17.1/jackson-datatype-jdk8-2.17.1.jar:/home/oleg/.m2/repository/com/fasterxml/jackson/module/jackson-module-parameter-names/2.17.1/jackson-module-parameter-names-2.17.1.jar:/home/oleg/.m2/repository/org/springframework/boot/spring-boot-starter-tomcat/3.3.1/spring-boot-starter-tomcat-3.3.1.jar:/home/oleg/.m2/repository/org/apache/tomcat/embed/tomcat-embed-core/10.1.25/tomcat-embed-core-10.1.25.jar:/home/oleg/.m2/repository/org/apache/tomcat/embed/tomcat-embed-el/10.1.25/tomcat-embed-el-10.1.25.jar:/home/oleg/.m2/repository/org/apache/tomcat/embed/tomcat-embed-websocket/10.1.25/tomcat-embed-websocket-10.1.25.jar:/home/oleg/.m2/repository/org/springframework/spring-web/6.1.10/spring-web-6.1.10.jar:/home/oleg/.m2/repository/org/springframework/spring-beans/6.1.10/spring-beans-6.1.10.jar:/home/oleg/.m2/repository/io/micrometer/micrometer-observation/1.13.1/micrometer-observation-1.13.1.jar:/home/oleg/.m2/repository/io/micrometer/micrometer-commons/1.13.1/micrometer-commons-1.13.1.jar:/home/oleg/.m2/repository/org/springframework/spring-webmvc/6.1.10/spring-webmvc-6.1.10.jar:/home/oleg/.m2/repository/org/springframework/spring-aop/6.1.10/spring-aop-6.1.10.jar:/home/oleg/.m2/repository/org/springframework/spring-context/6.1.10/spring-context-6.1.10.jar:/home/oleg/.m2/repository/org/springframework/spring-expression/6.1.10/spring-expression-6.1.10.jar:/home/oleg/.m2/repository/com/h2database/h2/2.2.224/h2-2.2.224.jar:/home/oleg/.m2/repository/org/springframework/boot/spring-boot-starter-test/3.3.1/spring-boot-starter-test-3.3.1.jar:/home/oleg/.m2/repository/org/springframework/boot/spring-boot-test/3.3.1/spring-boot-test-3.3.1.jar:/home/oleg/.m2/repository/org/springframework/boot/spring-boot-test-autoconfigure/3.3.1/spring-boot-test-autoconfigure-3.3.1.jar:/home/oleg/.m2/repository/com/jayway/jsonpath/json-path/2.9.0/json-path-2.9.0.jar:/home/oleg/.m2/repository/jakarta/xml/bind/jakarta.xml.bind-api/4.0.2/jakarta.xml.bind-api-4.0.2.jar:/home/oleg/.m2/repository/jakarta/activation/jakarta.activation-api/2.1.3/jakarta.activation-api-2.1.3.jar:/home/oleg/.m2/repository/net/minidev/json-smart/2.5.1/json-smart-2.5.1.jar:/home/oleg/.m2/repository/net/minidev/accessors-smart/2.5.1/accessors-smart-2.5.1.jar:/home/oleg/.m2/repository/org/assertj/assertj-core/3.25.3/assertj-core-3.25.3.jar:/home/oleg/.m2/repository/net/bytebuddy/byte-buddy/1.14.17/byte-buddy-1.14.17.jar:/home/oleg/.m2/repository/org/awaitility/awaitility/4.2.1/awaitility-4.2.1.jar:/home/oleg/.m2/repository/org/hamcrest/hamcrest/2.2/hamcrest-2.2.jar:/home/oleg/.m2/repository/org/junit/jupiter/junit-jupiter/5.10.2/junit-jupiter-5.10.2.jar:/home/oleg/.m2/repository/org/junit/jupiter/junit-jupiter-api/5.10.2/junit-jupiter-api-5.10.2.jar:/home/oleg/.m2/repository/org/opentest4j/opentest4j/1.3.0/opentest4j-1.3.0.jar:/home/oleg/.m2/repository/org/junit/platform/junit-platform-commons/1.10.2/junit-platform-commons-1.10.2.jar:/home/oleg/.m2/repository/org/apiguardian/apiguardian-api/1.1.2/apiguardian-api-1.1.2.jar:/home/oleg/.m2/repository/org/junit/jupiter/junit-jupiter-params/5.10.2/junit-jupiter-params-5.10.2.jar:/home/oleg/.m2/repository/org/junit/jupiter/junit-jupiter-engine/5.10.2/junit-jupiter-engine-5.10.2.jar:/home/oleg/.m2/repository/org/junit/platform/junit-platform-engine/1.10.2/junit-platform-engine-1.10.2.jar:/home/oleg/.m2/repository/org/mockito/mockito-core/5.11.0/mockito-core-5.11.0.jar:/home/oleg/.m2/repository/net/bytebuddy/byte-buddy-agent/1.14.17/byte-buddy-agent-1.14.17.jar:/home/oleg/.m2/repository/org/objenesis/objenesis/3.3/objenesis-3.3.jar:/home/oleg/.m2/repository/org/mockito/mockito-junit-jupiter/5.11.0/mockito-junit-jupiter-5.11.0.jar:/home/oleg/.m2/repository/org/skyscreamer/jsonassert/1.5.1/jsonassert-1.5.1.jar:/home/oleg/.m2/repository/com/vaadin/external/google/android-json/0.0.20131108.vaadin1/android-json-0.0.20131108.vaadin1.jar:/home/oleg/.m2/repository/org/springframework/spring-core/6.1.10/spring-core-6.1.10.jar:/home/oleg/.m2/repository/org/springframework/spring-jcl/6.1.10/spring-jcl-6.1.10.jar:/home/oleg/.m2/repository/org/springframework/spring-test/6.1.10/spring-test-6.1.10.jar:/home/oleg/.m2/repository/org/xmlunit/xmlunit-core/2.9.1/xmlunit-core-2.9.1.jar:/home/oleg/.m2/repository/org/springframework/cloud/spring-cloud-starter-contract-stub-runner/4.1.3/spring-cloud-starter-contract-stub-runner-4.1.3.jar:/home/oleg/.m2/repository/org/springframework/cloud/spring-cloud-contract-stub-runner/4.1.3/spring-cloud-contract-stub-runner-4.1.3.jar:/home/oleg/.m2/repository/org/springframework/cloud/spring-cloud-contract-verifier/4.1.3/spring-cloud-contract-verifier-4.1.3.jar:/home/oleg/.m2/repository/org/apache/commons/commons-text/1.11.0/commons-text-1.11.0.jar:/home/oleg/.m2/repository/javax/inject/javax.inject/1/javax.inject-1.jar:/home/oleg/.m2/repository/com/toomuchcoding/jsonassert/jsonassert/0.8.0/jsonassert-0.8.0.jar:/home/oleg/.m2/repository/com/rackspace/eclipse/webtools/sourceediting/org.eclipse.wst.xml.xpath2.processor/2.1.100/org.eclipse.wst.xml.xpath2.processor-2.1.100.jar:/home/oleg/.m2/repository/edu/princeton/cup/java-cup/10k/java-cup-10k.jar:/home/oleg/.m2/repository/com/ibm/icu/icu4j/4.6/icu4j-4.6.jar:/home/oleg/.m2/repository/org/apache/groovy/groovy/4.0.21/groovy-4.0.21.jar:/home/oleg/.m2/repository/org/apache/groovy/groovy-nio/4.0.21/groovy-nio-4.0.21.jar:/home/oleg/.m2/repository/org/apache/groovy/groovy-json/4.0.21/groovy-json-4.0.21.jar:/home/oleg/.m2/repository/org/apache/groovy/groovy-xml/4.0.21/groovy-xml-4.0.21.jar:/home/oleg/.m2/repository/commons-beanutils/commons-beanutils/1.9.4/commons-beanutils-1.9.4.jar:/home/oleg/.m2/repository/commons-logging/commons-logging/1.2/commons-logging-1.2.jar:/home/oleg/.m2/repository/commons-collections/commons-collections/3.2.2/commons-collections-3.2.2.jar:/home/oleg/.m2/repository/net/javacrumbs/json-unit/json-unit-assertj/2.38.0/json-unit-assertj-2.38.0.jar:/home/oleg/.m2/repository/net/javacrumbs/json-unit/json-unit-json-path/2.38.0/json-unit-json-path-2.38.0.jar:/home/oleg/.m2/repository/org/springframework/cloud/spring-cloud-contract-shade/4.1.3/spring-cloud-contract-shade-4.1.3.jar:/home/oleg/.m2/repository/org/springframework/cloud/spring-cloud-contract-converters/4.1.3/spring-cloud-contract-converters-4.1.3.jar:/home/oleg/.m2/repository/org/springframework/cloud/spring-cloud-contract-spec/4.1.3/spring-cloud-contract-spec-4.1.3.jar:/home/oleg/.m2/repository/org/springframework/cloud/spring-cloud-contract-spec-java/4.1.3/spring-cloud-contract-spec-java-4.1.3.jar:/home/oleg/.m2/repository/dk/brics/automaton/1.12-4/automaton-1.12-4.jar:/home/oleg/.m2/repository/org/springframework/cloud/spring-cloud-contract-spec-groovy/4.1.3/spring-cloud-contract-spec-groovy-4.1.3.jar:/home/oleg/.m2/repository/org/eclipse/jgit/org.eclipse.jgit/6.6.1.202309021850-r/org.eclipse.jgit-6.6.1.202309021850-r.jar:/home/oleg/.m2/repository/com/googlecode/javaewah/JavaEWAH/1.2.3/JavaEWAH-1.2.3.jar:/home/oleg/.m2/repository/org/eclipse/jgit/org.eclipse.jgit.ssh.jsch/6.7.0.202309050840-r/org.eclipse.jgit.ssh.jsch-6.7.0.202309050840-r.jar:/home/oleg/.m2/repository/com/jcraft/jsch/0.1.55/jsch-0.1.55.jar:/home/oleg/.m2/repository/com/jcraft/jzlib/1.1.3/jzlib-1.1.3.jar:/home/oleg/.m2/repository/com/jcraft/jsch.agentproxy.sshagent/0.0.9/jsch.agentproxy.sshagent-0.0.9.jar:/home/oleg/.m2/repository/com/jcraft/jsch.agentproxy.core/0.0.9/jsch.agentproxy.core-0.0.9.jar:/home/oleg/.m2/repository/com/jcraft/jsch.agentproxy.jsch/0.0.9/jsch.agentproxy.jsch-0.0.9.jar:/home/oleg/.m2/repository/com/jcraft/jsch.agentproxy.usocket-jna/0.0.9/jsch.agentproxy.usocket-jna-0.0.9.jar:/home/oleg/.m2/repository/net/java/dev/jna/jna/4.1.0/jna-4.1.0.jar:/home/oleg/.m2/repository/net/java/dev/jna/jna-platform/4.1.0/jna-platform-4.1.0.jar:/home/oleg/.m2/repository/org/springframework/cloud/spring-cloud-contract-wiremock/4.1.3/spring-cloud-contract-wiremock-4.1.3.jar:/home/oleg/.m2/repository/com/github/tomakehurst/wiremock-jre8-standalone/2.35.1/wiremock-jre8-standalone-2.35.1.jar:/home/oleg/.m2/repository/org/springframework/cloud/spring-cloud-test-support/4.1.3/spring-cloud-test-support-4.1.3.jar:/home/oleg/.m2/repository/org/apache/maven/resolver/maven-resolver-connector-basic/1.9.16/maven-resolver-connector-basic-1.9.16.jar:/home/oleg/.m2/repository/org/apache/maven/resolver/maven-resolver-spi/1.9.16/maven-resolver-spi-1.9.16.jar:/home/oleg/.m2/repository/org/apache/maven/resolver/maven-resolver-util/1.9.16/maven-resolver-util-1.9.16.jar:/home/oleg/.m2/repository/org/apache/maven/resolver/maven-resolver-impl/1.9.16/maven-resolver-impl-1.9.16.jar:/home/oleg/.m2/repository/org/apache/maven/resolver/maven-resolver-named-locks/1.9.16/maven-resolver-named-locks-1.9.16.jar:/home/oleg/.m2/repository/org/apache/maven/maven-resolver-provider/3.9.5/maven-resolver-provider-3.9.5.jar:/home/oleg/.m2/repository/org/apache/maven/maven-model/3.9.5/maven-model-3.9.5.jar:/home/oleg/.m2/repository/org/apache/maven/maven-model-builder/3.9.5/maven-model-builder-3.9.5.jar:/home/oleg/.m2/repository/org/codehaus/plexus/plexus-interpolation/1.26/plexus-interpolation-1.26.jar:/home/oleg/.m2/repository/org/apache/maven/maven-artifact/3.9.5/maven-artifact-3.9.5.jar:/home/oleg/.m2/repository/org/apache/maven/maven-builder-support/3.9.5/maven-builder-support-3.9.5.jar:/home/oleg/.m2/repository/org/apache/maven/maven-repository-metadata/3.9.5/maven-repository-metadata-3.9.5.jar:/home/oleg/.m2/repository/org/apache/maven/resolver/maven-resolver-transport-http/1.9.16/maven-resolver-transport-http-1.9.16.jar:/home/oleg/.m2/repository/org/apache/httpcomponents/httpclient/4.5.14/httpclient-4.5.14.jar:/home/oleg/.m2/repository/org/apache/httpcomponents/httpcore/4.4.16/httpcore-4.4.16.jar:/home/oleg/.m2/repository/commons-codec/commons-codec/1.16.1/commons-codec-1.16.1.jar:/home/oleg/.m2/repository/org/apache/maven/resolver/maven-resolver-api/1.9.18/maven-resolver-api-1.9.18.jar:/home/oleg/.m2/repository/org/sonatype/sisu/sisu-inject-plexus/2.6.0/sisu-inject-plexus-2.6.0.jar:/home/oleg/.m2/repository/org/codehaus/plexus/plexus-component-annotations/1.5.5/plexus-component-annotations-1.5.5.jar:/home/oleg/.m2/repository/org/codehaus/plexus/plexus-classworlds/2.5.2/plexus-classworlds-2.5.2.jar:/home/oleg/.m2/repository/org/codehaus/plexus/plexus-utils/3.0.18/plexus-utils-3.0.18.jar:/home/oleg/.m2/repository/org/sonatype/sisu/sisu-inject-bean/2.6.0/sisu-inject-bean-2.6.0.jar:/home/oleg/.m2/repository/javax/enterprise/cdi-api/1.0/cdi-api-1.0.jar:/home/oleg/.m2/repository/javax/annotation/jsr250-api/1.0/jsr250-api-1.0.jar:/home/oleg/.m2/repository/org/sonatype/sisu/sisu-guice/3.2.5/sisu-guice-3.2.5-no_aop.jar:/home/oleg/.m2/repository/org/eclipse/sisu/org.eclipse.sisu.inject/0.3.0/org.eclipse.sisu.inject-0.3.0.jar:/home/oleg/.m2/repository/org/eclipse/sisu/org.eclipse.sisu.plexus/0.3.0/org.eclipse.sisu.plexus-0.3.0.jar:/home/oleg/.m2/repository/com/maciejwalkowiak/spring/wiremock-spring-boot/2.1.2/wiremock-spring-boot-2.1.2.jar:/home/oleg/.m2/repository/org/wiremock/wiremock-standalone/3.4.2/wiremock-standalone-3.4.2.jar:/home/oleg/.m2/repository/org/slf4j/slf4j-api/2.0.13/slf4j-api-2.0.13.jar:/home/oleg/.m2/repository/org/wiremock/wiremock/3.3.1/wiremock-3.3.1.jar:/home/oleg/.m2/repository/org/eclipse/jetty/jetty-server/12.0.10/jetty-server-12.0.10.jar:/home/oleg/.m2/repository/org/eclipse/jetty/jetty-http/12.0.10/jetty-http-12.0.10.jar:/home/oleg/.m2/repository/org/eclipse/jetty/jetty-io/12.0.10/jetty-io-12.0.10.jar:/home/oleg/.m2/repository/org/eclipse/jetty/jetty-servlet/11.0.18/jetty-servlet-11.0.18.jar:/home/oleg/.m2/repository/org/eclipse/jetty/jetty-security/12.0.10/jetty-security-12.0.10.jar:/home/oleg/.m2/repository/org/eclipse/jetty/jetty-servlets/11.0.18/jetty-servlets-11.0.18.jar:/home/oleg/.m2/repository/org/eclipse/jetty/jetty-util/12.0.10/jetty-util-12.0.10.jar:/home/oleg/.m2/repository/org/eclipse/jetty/jetty-webapp/11.0.18/jetty-webapp-11.0.18.jar:/home/oleg/.m2/repository/org/eclipse/jetty/jetty-xml/12.0.10/jetty-xml-12.0.10.jar:/home/oleg/.m2/repository/org/eclipse/jetty/jetty-proxy/12.0.10/jetty-proxy-12.0.10.jar:/home/oleg/.m2/repository/org/eclipse/jetty/jetty-client/12.0.10/jetty-client-12.0.10.jar:/home/oleg/.m2/repository/org/eclipse/jetty/http2/http2-server/11.0.18/http2-server-11.0.18.jar:/home/oleg/.m2/repository/org/eclipse/jetty/http2/http2-common/11.0.18/http2-common-11.0.18.jar:/home/oleg/.m2/repository/org/eclipse/jetty/http2/http2-hpack/11.0.18/http2-hpack-11.0.18.jar:/home/oleg/.m2/repository/org/eclipse/jetty/jetty-alpn-server/12.0.10/jetty-alpn-server-12.0.10.jar:/home/oleg/.m2/repository/org/eclipse/jetty/jetty-alpn-java-server/12.0.10/jetty-alpn-java-server-12.0.10.jar:/home/oleg/.m2/repository/org/eclipse/jetty/jetty-alpn-java-client/12.0.10/jetty-alpn-java-client-12.0.10.jar:/home/oleg/.m2/repository/org/eclipse/jetty/jetty-alpn-client/12.0.10/jetty-alpn-client-12.0.10.jar:/home/oleg/.m2/repository/com/google/guava/guava/32.1.3-jre/guava-32.1.3-jre.jar:/home/oleg/.m2/repository/com/google/guava/failureaccess/1.0.1/failureaccess-1.0.1.jar:/home/oleg/.m2/repository/com/google/guava/listenablefuture/9999.0-empty-to-avoid-conflict-with-guava/listenablefuture-9999.0-empty-to-avoid-conflict-with-guava.jar:/home/oleg/.m2/repository/org/checkerframework/checker-qual/3.37.0/checker-qual-3.37.0.jar:/home/oleg/.m2/repository/com/google/errorprone/error_prone_annotations/2.21.1/error_prone_annotations-2.21.1.jar:/home/oleg/.m2/repository/com/google/j2objc/j2objc-annotations/2.8/j2objc-annotations-2.8.jar:/home/oleg/.m2/repository/com/fasterxml/jackson/core/jackson-core/2.17.1/jackson-core-2.17.1.jar:/home/oleg/.m2/repository/com/fasterxml/jackson/core/jackson-annotations/2.17.1/jackson-annotations-2.17.1.jar:/home/oleg/.m2/repository/com/fasterxml/jackson/core/jackson-databind/2.17.1/jackson-databind-2.17.1.jar:/home/oleg/.m2/repository/com/fasterxml/jackson/datatype/jackson-datatype-jsr310/2.17.1/jackson-datatype-jsr310-2.17.1.jar:/home/oleg/.m2/repository/org/apache/httpcomponents/client5/httpclient5/5.3.1/httpclient5-5.3.1.jar:/home/oleg/.m2/repository/org/apache/httpcomponents/core5/httpcore5/5.2.4/httpcore5-5.2.4.jar:/home/oleg/.m2/repository/org/apache/httpcomponents/core5/httpcore5-h2/5.2.4/httpcore5-h2-5.2.4.jar:/home/oleg/.m2/repository/org/xmlunit/xmlunit-legacy/2.9.1/xmlunit-legacy-2.9.1.jar:/home/oleg/.m2/repository/org/xmlunit/xmlunit-placeholders/2.9.1/xmlunit-placeholders-2.9.1.jar:/home/oleg/.m2/repository/net/javacrumbs/json-unit/json-unit-core/2.38.0/json-unit-core-2.38.0.jar:/home/oleg/.m2/repository/org/hamcrest/hamcrest-core/2.2/hamcrest-core-2.2.jar:/home/oleg/.m2/repository/org/ow2/asm/asm/9.6/asm-9.6.jar:/home/oleg/.m2/repository/net/sf/jopt-simple/jopt-simple/5.0.4/jopt-simple-5.0.4.jar:/home/oleg/.m2/repository/org/apache/commons/commons-lang3/3.14.0/commons-lang3-3.14.0.jar:/home/oleg/.m2/repository/com/github/jknack/handlebars/4.3.1/handlebars-4.3.1.jar:/home/oleg/.m2/repository/com/github/jknack/handlebars-helpers/4.3.1/handlebars-helpers-4.3.1.jar:/home/oleg/.m2/repository/commons-fileupload/commons-fileupload/1.5/commons-fileupload-1.5.jar:/home/oleg/.m2/repository/commons-io/commons-io/2.15.0/commons-io-2.15.0.jar:/home/oleg/.m2/repository/com/networknt/json-schema-validator/1.0.87/json-schema-validator-1.0.87.jar:/home/oleg/.m2/repository/com/ethlo/time/itu/1.7.0/itu-1.7.0.jar:/home/oleg/.m2/repository/com/fasterxml/jackson/dataformat/jackson-dataformat-yaml/2.17.1/jackson-dataformat-yaml-2.17.1.jar:/home/oleg/.m2/repository/com/github/tomakehurst/wiremock-standalone/2.27.2/wiremock-standalone-2.27.2.jar:/home/oleg/.m2/repository/org/springdoc/springdoc-openapi-ui/1.6.9/springdoc-openapi-ui-1.6.9.jar:/home/oleg/.m2/repository/org/springdoc/springdoc-openapi-webmvc-core/1.6.9/springdoc-openapi-webmvc-core-1.6.9.jar:/home/oleg/.m2/repository/org/springdoc/springdoc-openapi-common/1.6.9/springdoc-openapi-common-1.6.9.jar:/home/oleg/.m2/repository/io/swagger/core/v3/swagger-core/2.2.0/swagger-core-2.2.0.jar:/home/oleg/.m2/repository/io/swagger/core/v3/swagger-annotations/2.2.0/swagger-annotations-2.2.0.jar:/home/oleg/.m2/repository/io/swagger/core/v3/swagger-models/2.2.0/swagger-models-2.2.0.jar:/home/oleg/.m2/repository/jakarta/validation/jakarta.validation-api/3.0.2/jakarta.validation-api-3.0.2.jar:/home/oleg/.m2/repository/org/webjars/swagger-ui/4.11.1/swagger-ui-4.11.1.jar:/home/oleg/.m2/repository/org/webjars/webjars-locator-core/0.58/webjars-locator-core-0.58.jar:/home/oleg/.m2/repository/io/github/classgraph/classgraph/4.8.147/classgraph-4.8.147.jar:/home/oleg/.m2/repository/com/github/tomakehurst/wiremock-jre8/2.33.2/wiremock-jre8-2.33.2.jar:/home/oleg/.m2/repository/org/eclipse/jetty/jetty-alpn-openjdk8-server/9.4.46.v20220331/jetty-alpn-openjdk8-server-9.4.46.v20220331.jar:/home/oleg/.m2/repository/org/eclipse/jetty/jetty-alpn-openjdk8-client/9.4.46.v20220331/jetty-alpn-openjdk8-client-9.4.46.v20220331.jar:/home/oleg/.m2/repository/org/springframework/boot/spring-boot-starter-data-jpa/3.3.1/spring-boot-starter-data-jpa-3.3.1.jar:/home/oleg/.m2/repository/org/springframework/boot/spring-boot-starter-aop/3.3.1/spring-boot-starter-aop-3.3.1.jar:/home/oleg/.m2/repository/org/aspectj/aspectjweaver/1.9.22/aspectjweaver-1.9.22.jar:/home/oleg/.m2/repository/org/springframework/boot/spring-boot-starter-jdbc/3.3.1/spring-boot-starter-jdbc-3.3.1.jar:/home/oleg/.m2/repository/com/zaxxer/HikariCP/5.1.0/HikariCP-5.1.0.jar:/home/oleg/.m2/repository/org/springframework/spring-jdbc/6.1.10/spring-jdbc-6.1.10.jar:/home/oleg/.m2/repository/org/hibernate/orm/hibernate-core/6.5.2.Final/hibernate-core-6.5.2.Final.jar:/home/oleg/.m2/repository/jakarta/persistence/jakarta.persistence-api/3.1.0/jakarta.persistence-api-3.1.0.jar:/home/oleg/.m2/repository/jakarta/transaction/jakarta.transaction-api/2.0.1/jakarta.transaction-api-2.0.1.jar:/home/oleg/.m2/repository/org/jboss/logging/jboss-logging/3.5.3.Final/jboss-logging-3.5.3.Final.jar:/home/oleg/.m2/repository/org/hibernate/common/hibernate-commons-annotations/6.0.6.Final/hibernate-commons-annotations-6.0.6.Final.jar:/home/oleg/.m2/repository/io/smallrye/jandex/3.1.2/jandex-3.1.2.jar:/home/oleg/.m2/repository/com/fasterxml/classmate/1.7.0/classmate-1.7.0.jar:/home/oleg/.m2/repository/org/glassfish/jaxb/jaxb-runtime/4.0.5/jaxb-runtime-4.0.5.jar:/home/oleg/.m2/repository/org/glassfish/jaxb/jaxb-core/4.0.5/jaxb-core-4.0.5.jar:/home/oleg/.m2/repository/org/eclipse/angus/angus-activation/2.0.2/angus-activation-2.0.2.jar:/home/oleg/.m2/repository/org/glassfish/jaxb/txw2/4.0.5/txw2-4.0.5.jar:/home/oleg/.m2/repository/com/sun/istack/istack-commons-runtime/4.1.2/istack-commons-runtime-4.1.2.jar:/home/oleg/.m2/repository/jakarta/inject/jakarta.inject-api/2.0.1/jakarta.inject-api-2.0.1.jar:/home/oleg/.m2/repository/org/antlr/antlr4-runtime/4.13.0/antlr4-runtime-4.13.0.jar:/home/oleg/.m2/repository/org/springframework/data/spring-data-jpa/3.3.1/spring-data-jpa-3.3.1.jar:/home/oleg/.m2/repository/org/springframework/data/spring-data-commons/3.3.1/spring-data-commons-3.3.1.jar:/home/oleg/.m2/repository/org/springframework/spring-orm/6.1.10/spring-orm-6.1.10.jar:/home/oleg/.m2/repository/org/springframework/spring-tx/6.1.10/spring-tx-6.1.10.jar:/home/oleg/.m2/repository/org/springframework/spring-aspects/6.1.10/spring-aspects-6.1.10.jar:"/>
    <property name="java.vm.vendor" value="Private Build"/>
    <property name="sun.arch.data.model" value="64"/>
    <property name="catalina.useNaming" value="false"/>
    <property name="java.vendor.url" value="Unknown"/>
    <property name="user.timezone" value="Europe/London"/>
    <property name="org.jboss.logging.provider" value="slf4j"/>
    <property name="os.name" value="Linux"/>
    <property name="java.vm.specification.version" value="17"/>
    <property name="sun.java.launcher" value="SUN_STANDARD"/>
    <property name="user.country" value="GB"/>
    <property name="sun.boot.library.path" value="/usr/lib/jvm/java-17-openjdk-amd64/lib"/>
    <property name="sun.java.command" value="/home/oleg/Downloads/gift_and_go_task/gift_and_go_task/target/surefire/surefirebooter-20240705124630293_3.jar /home/oleg/Downloads/gift_and_go_task/gift_and_go_task/target/surefire 2024-07-05T12-46-30_182-jvmRun1 surefire-20240705124630293_1tmp surefire_0-20240705124630293_2tmp"/>
    <property name="jdk.debug" value="release"/>
    <property name="surefire.test.class.path" value="/home/oleg/Downloads/gift_and_go_task/gift_and_go_task/target/test-classes:/home/oleg/Downloads/gift_and_go_task/gift_and_go_task/target/classes:/home/oleg/.m2/repository/org/springframework/boot/spring-boot-starter-web/3.3.1/spring-boot-starter-web-3.3.1.jar:/home/oleg/.m2/repository/org/springframework/boot/spring-boot-starter/3.3.1/spring-boot-starter-3.3.1.jar:/home/oleg/.m2/repository/org/springframework/boot/spring-boot/3.3.1/spring-boot-3.3.1.jar:/home/oleg/.m2/repository/org/springframework/boot/spring-boot-autoconfigure/3.3.1/spring-boot-autoconfigure-3.3.1.jar:/home/oleg/.m2/repository/org/springframework/boot/spring-boot-starter-logging/3.3.1/spring-boot-starter-logging-3.3.1.jar:/home/oleg/.m2/repository/ch/qos/logback/logback-classic/1.5.6/logback-classic-1.5.6.jar:/home/oleg/.m2/repository/ch/qos/logback/logback-core/1.5.6/logback-core-1.5.6.jar:/home/oleg/.m2/repository/org/apache/logging/log4j/log4j-to-slf4j/2.23.1/log4j-to-slf4j-2.23.1.jar:/home/oleg/.m2/repository/org/apache/logging/log4j/log4j-api/2.23.1/log4j-api-2.23.1.jar:/home/oleg/.m2/repository/org/slf4j/jul-to-slf4j/2.0.13/jul-to-slf4j-2.0.13.jar:/home/oleg/.m2/repository/jakarta/annotation/jakarta.annotation-api/2.1.1/jakarta.annotation-api-2.1.1.jar:/home/oleg/.m2/repository/org/yaml/snakeyaml/2.2/snakeyaml-2.2.jar:/home/oleg/.m2/repository/org/springframework/boot/spring-boot-starter-json/3.3.1/spring-boot-starter-json-3.3.1.jar:/home/oleg/.m2/repository/com/fasterxml/jackson/datatype/jackson-datatype-jdk8/2.17.1/jackson-datatype-jdk8-2.17.1.jar:/home/oleg/.m2/repository/com/fasterxml/jackson/module/jackson-module-parameter-names/2.17.1/jackson-module-parameter-names-2.17.1.jar:/home/oleg/.m2/repository/org/springframework/boot/spring-boot-starter-tomcat/3.3.1/spring-boot-starter-tomcat-3.3.1.jar:/home/oleg/.m2/repository/org/apache/tomcat/embed/tomcat-embed-core/10.1.25/tomcat-embed-core-10.1.25.jar:/home/oleg/.m2/repository/org/apache/tomcat/embed/tomcat-embed-el/10.1.25/tomcat-embed-el-10.1.25.jar:/home/oleg/.m2/repository/org/apache/tomcat/embed/tomcat-embed-websocket/10.1.25/tomcat-embed-websocket-10.1.25.jar:/home/oleg/.m2/repository/org/springframework/spring-web/6.1.10/spring-web-6.1.10.jar:/home/oleg/.m2/repository/org/springframework/spring-beans/6.1.10/spring-beans-6.1.10.jar:/home/oleg/.m2/repository/io/micrometer/micrometer-observation/1.13.1/micrometer-observation-1.13.1.jar:/home/oleg/.m2/repository/io/micrometer/micrometer-commons/1.13.1/micrometer-commons-1.13.1.jar:/home/oleg/.m2/repository/org/springframework/spring-webmvc/6.1.10/spring-webmvc-6.1.10.jar:/home/oleg/.m2/repository/org/springframework/spring-aop/6.1.10/spring-aop-6.1.10.jar:/home/oleg/.m2/repository/org/springframework/spring-context/6.1.10/spring-context-6.1.10.jar:/home/oleg/.m2/repository/org/springframework/spring-expression/6.1.10/spring-expression-6.1.10.jar:/home/oleg/.m2/repository/com/h2database/h2/2.2.224/h2-2.2.224.jar:/home/oleg/.m2/repository/org/springframework/boot/spring-boot-starter-test/3.3.1/spring-boot-starter-test-3.3.1.jar:/home/oleg/.m2/repository/org/springframework/boot/spring-boot-test/3.3.1/spring-boot-test-3.3.1.jar:/home/oleg/.m2/repository/org/springframework/boot/spring-boot-test-autoconfigure/3.3.1/spring-boot-test-autoconfigure-3.3.1.jar:/home/oleg/.m2/repository/com/jayway/jsonpath/json-path/2.9.0/json-path-2.9.0.jar:/home/oleg/.m2/repository/jakarta/xml/bind/jakarta.xml.bind-api/4.0.2/jakarta.xml.bind-api-4.0.2.jar:/home/oleg/.m2/repository/jakarta/activation/jakarta.activation-api/2.1.3/jakarta.activation-api-2.1.3.jar:/home/oleg/.m2/repository/net/minidev/json-smart/2.5.1/json-smart-2.5.1.jar:/home/oleg/.m2/repository/net/minidev/accessors-smart/2.5.1/accessors-smart-2.5.1.jar:/home/oleg/.m2/repository/org/assertj/assertj-core/3.25.3/assertj-core-3.25.3.jar:/home/oleg/.m2/repository/net/bytebuddy/byte-buddy/1.14.17/byte-buddy-1.14.17.jar:/home/oleg/.m2/repository/org/awaitility/awaitility/4.2.1/awaitility-4.2.1.jar:/home/oleg/.m2/repository/org/hamcrest/hamcrest/2.2/hamcrest-2.2.jar:/home/oleg/.m2/repository/org/junit/jupiter/junit-jupiter/5.10.2/junit-jupiter-5.10.2.jar:/home/oleg/.m2/repository/org/junit/jupiter/junit-jupiter-api/5.10.2/junit-jupiter-api-5.10.2.jar:/home/oleg/.m2/repository/org/opentest4j/opentest4j/1.3.0/opentest4j-1.3.0.jar:/home/oleg/.m2/repository/org/junit/platform/junit-platform-commons/1.10.2/junit-platform-commons-1.10.2.jar:/home/oleg/.m2/repository/org/apiguardian/apiguardian-api/1.1.2/apiguardian-api-1.1.2.jar:/home/oleg/.m2/repository/org/junit/jupiter/junit-jupiter-params/5.10.2/junit-jupiter-params-5.10.2.jar:/home/oleg/.m2/repository/org/junit/jupiter/junit-jupiter-engine/5.10.2/junit-jupiter-engine-5.10.2.jar:/home/oleg/.m2/repository/org/junit/platform/junit-platform-engine/1.10.2/junit-platform-engine-1.10.2.jar:/home/oleg/.m2/repository/org/mockito/mockito-core/5.11.0/mockito-core-5.11.0.jar:/home/oleg/.m2/repository/net/bytebuddy/byte-buddy-agent/1.14.17/byte-buddy-agent-1.14.17.jar:/home/oleg/.m2/repository/org/objenesis/objenesis/3.3/objenesis-3.3.jar:/home/oleg/.m2/repository/org/mockito/mockito-junit-jupiter/5.11.0/mockito-junit-jupiter-5.11.0.jar:/home/oleg/.m2/repository/org/skyscreamer/jsonassert/1.5.1/jsonassert-1.5.1.jar:/home/oleg/.m2/repository/com/vaadin/external/google/android-json/0.0.20131108.vaadin1/android-json-0.0.20131108.vaadin1.jar:/home/oleg/.m2/repository/org/springframework/spring-core/6.1.10/spring-core-6.1.10.jar:/home/oleg/.m2/repository/org/springframework/spring-jcl/6.1.10/spring-jcl-6.1.10.jar:/home/oleg/.m2/repository/org/springframework/spring-test/6.1.10/spring-test-6.1.10.jar:/home/oleg/.m2/repository/org/xmlunit/xmlunit-core/2.9.1/xmlunit-core-2.9.1.jar:/home/oleg/.m2/repository/org/springframework/cloud/spring-cloud-starter-contract-stub-runner/4.1.3/spring-cloud-starter-contract-stub-runner-4.1.3.jar:/home/oleg/.m2/repository/org/springframework/cloud/spring-cloud-contract-stub-runner/4.1.3/spring-cloud-contract-stub-runner-4.1.3.jar:/home/oleg/.m2/repository/org/springframework/cloud/spring-cloud-contract-verifier/4.1.3/spring-cloud-contract-verifier-4.1.3.jar:/home/oleg/.m2/repository/org/apache/commons/commons-text/1.11.0/commons-text-1.11.0.jar:/home/oleg/.m2/repository/javax/inject/javax.inject/1/javax.inject-1.jar:/home/oleg/.m2/repository/com/toomuchcoding/jsonassert/jsonassert/0.8.0/jsonassert-0.8.0.jar:/home/oleg/.m2/repository/com/rackspace/eclipse/webtools/sourceediting/org.eclipse.wst.xml.xpath2.processor/2.1.100/org.eclipse.wst.xml.xpath2.processor-2.1.100.jar:/home/oleg/.m2/repository/edu/princeton/cup/java-cup/10k/java-cup-10k.jar:/home/oleg/.m2/repository/com/ibm/icu/icu4j/4.6/icu4j-4.6.jar:/home/oleg/.m2/repository/org/apache/groovy/groovy/4.0.21/groovy-4.0.21.jar:/home/oleg/.m2/repository/org/apache/groovy/groovy-nio/4.0.21/groovy-nio-4.0.21.jar:/home/oleg/.m2/repository/org/apache/groovy/groovy-json/4.0.21/groovy-json-4.0.21.jar:/home/oleg/.m2/repository/org/apache/groovy/groovy-xml/4.0.21/groovy-xml-4.0.21.jar:/home/oleg/.m2/repository/commons-beanutils/commons-beanutils/1.9.4/commons-beanutils-1.9.4.jar:/home/oleg/.m2/repository/commons-logging/commons-logging/1.2/commons-logging-1.2.jar:/home/oleg/.m2/repository/commons-collections/commons-collections/3.2.2/commons-collections-3.2.2.jar:/home/oleg/.m2/repository/net/javacrumbs/json-unit/json-unit-assertj/2.38.0/json-unit-assertj-2.38.0.jar:/home/oleg/.m2/repository/net/javacrumbs/json-unit/json-unit-json-path/2.38.0/json-unit-json-path-2.38.0.jar:/home/oleg/.m2/repository/org/springframework/cloud/spring-cloud-contract-shade/4.1.3/spring-cloud-contract-shade-4.1.3.jar:/home/oleg/.m2/repository/org/springframework/cloud/spring-cloud-contract-converters/4.1.3/spring-cloud-contract-converters-4.1.3.jar:/home/oleg/.m2/repository/org/springframework/cloud/spring-cloud-contract-spec/4.1.3/spring-cloud-contract-spec-4.1.3.jar:/home/oleg/.m2/repository/org/springframework/cloud/spring-cloud-contract-spec-java/4.1.3/spring-cloud-contract-spec-java-4.1.3.jar:/home/oleg/.m2/repository/dk/brics/automaton/1.12-4/automaton-1.12-4.jar:/home/oleg/.m2/repository/org/springframework/cloud/spring-cloud-contract-spec-groovy/4.1.3/spring-cloud-contract-spec-groovy-4.1.3.jar:/home/oleg/.m2/repository/org/eclipse/jgit/org.eclipse.jgit/6.6.1.202309021850-r/org.eclipse.jgit-6.6.1.202309021850-r.jar:/home/oleg/.m2/repository/com/googlecode/javaewah/JavaEWAH/1.2.3/JavaEWAH-1.2.3.jar:/home/oleg/.m2/repository/org/eclipse/jgit/org.eclipse.jgit.ssh.jsch/6.7.0.202309050840-r/org.eclipse.jgit.ssh.jsch-6.7.0.202309050840-r.jar:/home/oleg/.m2/repository/com/jcraft/jsch/0.1.55/jsch-0.1.55.jar:/home/oleg/.m2/repository/com/jcraft/jzlib/1.1.3/jzlib-1.1.3.jar:/home/oleg/.m2/repository/com/jcraft/jsch.agentproxy.sshagent/0.0.9/jsch.agentproxy.sshagent-0.0.9.jar:/home/oleg/.m2/repository/com/jcraft/jsch.agentproxy.core/0.0.9/jsch.agentproxy.core-0.0.9.jar:/home/oleg/.m2/repository/com/jcraft/jsch.agentproxy.jsch/0.0.9/jsch.agentproxy.jsch-0.0.9.jar:/home/oleg/.m2/repository/com/jcraft/jsch.agentproxy.usocket-jna/0.0.9/jsch.agentproxy.usocket-jna-0.0.9.jar:/home/oleg/.m2/repository/net/java/dev/jna/jna/4.1.0/jna-4.1.0.jar:/home/oleg/.m2/repository/net/java/dev/jna/jna-platform/4.1.0/jna-platform-4.1.0.jar:/home/oleg/.m2/repository/org/springframework/cloud/spring-cloud-contract-wiremock/4.1.3/spring-cloud-contract-wiremock-4.1.3.jar:/home/oleg/.m2/repository/com/github/tomakehurst/wiremock-jre8-standalone/2.35.1/wiremock-jre8-standalone-2.35.1.jar:/home/oleg/.m2/repository/org/springframework/cloud/spring-cloud-test-support/4.1.3/spring-cloud-test-support-4.1.3.jar:/home/oleg/.m2/repository/org/apache/maven/resolver/maven-resolver-connector-basic/1.9.16/maven-resolver-connector-basic-1.9.16.jar:/home/oleg/.m2/repository/org/apache/maven/resolver/maven-resolver-spi/1.9.16/maven-resolver-spi-1.9.16.jar:/home/oleg/.m2/repository/org/apache/maven/resolver/maven-resolver-util/1.9.16/maven-resolver-util-1.9.16.jar:/home/oleg/.m2/repository/org/apache/maven/resolver/maven-resolver-impl/1.9.16/maven-resolver-impl-1.9.16.jar:/home/oleg/.m2/repository/org/apache/maven/resolver/maven-resolver-named-locks/1.9.16/maven-resolver-named-locks-1.9.16.jar:/home/oleg/.m2/repository/org/apache/maven/maven-resolver-provider/3.9.5/maven-resolver-provider-3.9.5.jar:/home/oleg/.m2/repository/org/apache/maven/maven-model/3.9.5/maven-model-3.9.5.jar:/home/oleg/.m2/repository/org/apache/maven/maven-model-builder/3.9.5/maven-model-builder-3.9.5.jar:/home/oleg/.m2/repository/org/codehaus/plexus/plexus-interpolation/1.26/plexus-interpolation-1.26.jar:/home/oleg/.m2/repository/org/apache/maven/maven-artifact/3.9.5/maven-artifact-3.9.5.jar:/home/oleg/.m2/repository/org/apache/maven/maven-builder-support/3.9.5/maven-builder-support-3.9.5.jar:/home/oleg/.m2/repository/org/apache/maven/maven-repository-metadata/3.9.5/maven-repository-metadata-3.9.5.jar:/home/oleg/.m2/repository/org/apache/maven/resolver/maven-resolver-transport-http/1.9.16/maven-resolver-transport-http-1.9.16.jar:/home/oleg/.m2/repository/org/apache/httpcomponents/httpclient/4.5.14/httpclient-4.5.14.jar:/home/oleg/.m2/repository/org/apache/httpcomponents/httpcore/4.4.16/httpcore-4.4.16.jar:/home/oleg/.m2/repository/commons-codec/commons-codec/1.16.1/commons-codec-1.16.1.jar:/home/oleg/.m2/repository/org/apache/maven/resolver/maven-resolver-api/1.9.18/maven-resolver-api-1.9.18.jar:/home/oleg/.m2/repository/org/sonatype/sisu/sisu-inject-plexus/2.6.0/sisu-inject-plexus-2.6.0.jar:/home/oleg/.m2/repository/org/codehaus/plexus/plexus-component-annotations/1.5.5/plexus-component-annotations-1.5.5.jar:/home/oleg/.m2/repository/org/codehaus/plexus/plexus-classworlds/2.5.2/plexus-classworlds-2.5.2.jar:/home/oleg/.m2/repository/org/codehaus/plexus/plexus-utils/3.0.18/plexus-utils-3.0.18.jar:/home/oleg/.m2/repository/org/sonatype/sisu/sisu-inject-bean/2.6.0/sisu-inject-bean-2.6.0.jar:/home/oleg/.m2/repository/javax/enterprise/cdi-api/1.0/cdi-api-1.0.jar:/home/oleg/.m2/repository/javax/annotation/jsr250-api/1.0/jsr250-api-1.0.jar:/home/oleg/.m2/repository/org/sonatype/sisu/sisu-guice/3.2.5/sisu-guice-3.2.5-no_aop.jar:/home/oleg/.m2/repository/org/eclipse/sisu/org.eclipse.sisu.inject/0.3.0/org.eclipse.sisu.inject-0.3.0.jar:/home/oleg/.m2/repository/org/eclipse/sisu/org.eclipse.sisu.plexus/0.3.0/org.eclipse.sisu.plexus-0.3.0.jar:/home/oleg/.m2/repository/com/maciejwalkowiak/spring/wiremock-spring-boot/2.1.2/wiremock-spring-boot-2.1.2.jar:/home/oleg/.m2/repository/org/wiremock/wiremock-standalone/3.4.2/wiremock-standalone-3.4.2.jar:/home/oleg/.m2/repository/org/slf4j/slf4j-api/2.0.13/slf4j-api-2.0.13.jar:/home/oleg/.m2/repository/org/wiremock/wiremock/3.3.1/wiremock-3.3.1.jar:/home/oleg/.m2/repository/org/eclipse/jetty/jetty-server/12.0.10/jetty-server-12.0.10.jar:/home/oleg/.m2/repository/org/eclipse/jetty/jetty-http/12.0.10/jetty-http-12.0.10.jar:/home/oleg/.m2/repository/org/eclipse/jetty/jetty-io/12.0.10/jetty-io-12.0.10.jar:/home/oleg/.m2/repository/org/eclipse/jetty/jetty-servlet/11.0.18/jetty-servlet-11.0.18.jar:/home/oleg/.m2/repository/org/eclipse/jetty/jetty-security/12.0.10/jetty-security-12.0.10.jar:/home/oleg/.m2/repository/org/eclipse/jetty/jetty-servlets/11.0.18/jetty-servlets-11.0.18.jar:/home/oleg/.m2/repository/org/eclipse/jetty/jetty-util/12.0.10/jetty-util-12.0.10.jar:/home/oleg/.m2/repository/org/eclipse/jetty/jetty-webapp/11.0.18/jetty-webapp-11.0.18.jar:/home/oleg/.m2/repository/org/eclipse/jetty/jetty-xml/12.0.10/jetty-xml-12.0.10.jar:/home/oleg/.m2/repository/org/eclipse/jetty/jetty-proxy/12.0.10/jetty-proxy-12.0.10.jar:/home/oleg/.m2/repository/org/eclipse/jetty/jetty-client/12.0.10/jetty-client-12.0.10.jar:/home/oleg/.m2/repository/org/eclipse/jetty/http2/http2-server/11.0.18/http2-server-11.0.18.jar:/home/oleg/.m2/repository/org/eclipse/jetty/http2/http2-common/11.0.18/http2-common-11.0.18.jar:/home/oleg/.m2/repository/org/eclipse/jetty/http2/http2-hpack/11.0.18/http2-hpack-11.0.18.jar:/home/oleg/.m2/repository/org/eclipse/jetty/jetty-alpn-server/12.0.10/jetty-alpn-server-12.0.10.jar:/home/oleg/.m2/repository/org/eclipse/jetty/jetty-alpn-java-server/12.0.10/jetty-alpn-java-server-12.0.10.jar:/home/oleg/.m2/repository/org/eclipse/jetty/jetty-alpn-java-client/12.0.10/jetty-alpn-java-client-12.0.10.jar:/home/oleg/.m2/repository/org/eclipse/jetty/jetty-alpn-client/12.0.10/jetty-alpn-client-12.0.10.jar:/home/oleg/.m2/repository/com/google/guava/guava/32.1.3-jre/guava-32.1.3-jre.jar:/home/oleg/.m2/repository/com/google/guava/failureaccess/1.0.1/failureaccess-1.0.1.jar:/home/oleg/.m2/repository/com/google/guava/listenablefuture/9999.0-empty-to-avoid-conflict-with-guava/listenablefuture-9999.0-empty-to-avoid-conflict-with-guava.jar:/home/oleg/.m2/repository/org/checkerframework/checker-qual/3.37.0/checker-qual-3.37.0.jar:/home/oleg/.m2/repository/com/google/errorprone/error_prone_annotations/2.21.1/error_prone_annotations-2.21.1.jar:/home/oleg/.m2/repository/com/google/j2objc/j2objc-annotations/2.8/j2objc-annotations-2.8.jar:/home/oleg/.m2/repository/com/fasterxml/jackson/core/jackson-core/2.17.1/jackson-core-2.17.1.jar:/home/oleg/.m2/repository/com/fasterxml/jackson/core/jackson-annotations/2.17.1/jackson-annotations-2.17.1.jar:/home/oleg/.m2/repository/com/fasterxml/jackson/core/jackson-databind/2.17.1/jackson-databind-2.17.1.jar:/home/oleg/.m2/repository/com/fasterxml/jackson/datatype/jackson-datatype-jsr310/2.17.1/jackson-datatype-jsr310-2.17.1.jar:/home/oleg/.m2/repository/org/apache/httpcomponents/client5/httpclient5/5.3.1/httpclient5-5.3.1.jar:/home/oleg/.m2/repository/org/apache/httpcomponents/core5/httpcore5/5.2.4/httpcore5-5.2.4.jar:/home/oleg/.m2/repository/org/apache/httpcomponents/core5/httpcore5-h2/5.2.4/httpcore5-h2-5.2.4.jar:/home/oleg/.m2/repository/org/xmlunit/xmlunit-legacy/2.9.1/xmlunit-legacy-2.9.1.jar:/home/oleg/.m2/repository/org/xmlunit/xmlunit-placeholders/2.9.1/xmlunit-placeholders-2.9.1.jar:/home/oleg/.m2/repository/net/javacrumbs/json-unit/json-unit-core/2.38.0/json-unit-core-2.38.0.jar:/home/oleg/.m2/repository/org/hamcrest/hamcrest-core/2.2/hamcrest-core-2.2.jar:/home/oleg/.m2/repository/org/ow2/asm/asm/9.6/asm-9.6.jar:/home/oleg/.m2/repository/net/sf/jopt-simple/jopt-simple/5.0.4/jopt-simple-5.0.4.jar:/home/oleg/.m2/repository/org/apache/commons/commons-lang3/3.14.0/commons-lang3-3.14.0.jar:/home/oleg/.m2/repository/com/github/jknack/handlebars/4.3.1/handlebars-4.3.1.jar:/home/oleg/.m2/repository/com/github/jknack/handlebars-helpers/4.3.1/handlebars-helpers-4.3.1.jar:/home/oleg/.m2/repository/commons-fileupload/commons-fileupload/1.5/commons-fileupload-1.5.jar:/home/oleg/.m2/repository/commons-io/commons-io/2.15.0/commons-io-2.15.0.jar:/home/oleg/.m2/repository/com/networknt/json-schema-validator/1.0.87/json-schema-validator-1.0.87.jar:/home/oleg/.m2/repository/com/ethlo/time/itu/1.7.0/itu-1.7.0.jar:/home/oleg/.m2/repository/com/fasterxml/jackson/dataformat/jackson-dataformat-yaml/2.17.1/jackson-dataformat-yaml-2.17.1.jar:/home/oleg/.m2/repository/com/github/tomakehurst/wiremock-standalone/2.27.2/wiremock-standalone-2.27.2.jar:/home/oleg/.m2/repository/org/springdoc/springdoc-openapi-ui/1.6.9/springdoc-openapi-ui-1.6.9.jar:/home/oleg/.m2/repository/org/springdoc/springdoc-openapi-webmvc-core/1.6.9/springdoc-openapi-webmvc-core-1.6.9.jar:/home/oleg/.m2/repository/org/springdoc/springdoc-openapi-common/1.6.9/springdoc-openapi-common-1.6.9.jar:/home/oleg/.m2/repository/io/swagger/core/v3/swagger-core/2.2.0/swagger-core-2.2.0.jar:/home/oleg/.m2/repository/io/swagger/core/v3/swagger-annotations/2.2.0/swagger-annotations-2.2.0.jar:/home/oleg/.m2/repository/io/swagger/core/v3/swagger-models/2.2.0/swagger-models-2.2.0.jar:/home/oleg/.m2/repository/jakarta/validation/jakarta.validation-api/3.0.2/jakarta.validation-api-3.0.2.jar:/home/oleg/.m2/repository/org/webjars/swagger-ui/4.11.1/swagger-ui-4.11.1.jar:/home/oleg/.m2/repository/org/webjars/webjars-locator-core/0.58/webjars-locator-core-0.58.jar:/home/oleg/.m2/repository/io/github/classgraph/classgraph/4.8.147/classgraph-4.8.147.jar:/home/oleg/.m2/repository/com/github/tomakehurst/wiremock-jre8/2.33.2/wiremock-jre8-2.33.2.jar:/home/oleg/.m2/repository/org/eclipse/jetty/jetty-alpn-openjdk8-server/9.4.46.v20220331/jetty-alpn-openjdk8-server-9.4.46.v20220331.jar:/home/oleg/.m2/repository/org/eclipse/jetty/jetty-alpn-openjdk8-client/9.4.46.v20220331/jetty-alpn-openjdk8-client-9.4.46.v20220331.jar:/home/oleg/.m2/repository/org/springframework/boot/spring-boot-starter-data-jpa/3.3.1/spring-boot-starter-data-jpa-3.3.1.jar:/home/oleg/.m2/repository/org/springframework/boot/spring-boot-starter-aop/3.3.1/spring-boot-starter-aop-3.3.1.jar:/home/oleg/.m2/repository/org/aspectj/aspectjweaver/1.9.22/aspectjweaver-1.9.22.jar:/home/oleg/.m2/repository/org/springframework/boot/spring-boot-starter-jdbc/3.3.1/spring-boot-starter-jdbc-3.3.1.jar:/home/oleg/.m2/repository/com/zaxxer/HikariCP/5.1.0/HikariCP-5.1.0.jar:/home/oleg/.m2/repository/org/springframework/spring-jdbc/6.1.10/spring-jdbc-6.1.10.jar:/home/oleg/.m2/repository/org/hibernate/orm/hibernate-core/6.5.2.Final/hibernate-core-6.5.2.Final.jar:/home/oleg/.m2/repository/jakarta/persistence/jakarta.persistence-api/3.1.0/jakarta.persistence-api-3.1.0.jar:/home/oleg/.m2/repository/jakarta/transaction/jakarta.transaction-api/2.0.1/jakarta.transaction-api-2.0.1.jar:/home/oleg/.m2/repository/org/jboss/logging/jboss-logging/3.5.3.Final/jboss-logging-3.5.3.Final.jar:/home/oleg/.m2/repository/org/hibernate/common/hibernate-commons-annotations/6.0.6.Final/hibernate-commons-annotations-6.0.6.Final.jar:/home/oleg/.m2/repository/io/smallrye/jandex/3.1.2/jandex-3.1.2.jar:/home/oleg/.m2/repository/com/fasterxml/classmate/1.7.0/classmate-1.7.0.jar:/home/oleg/.m2/repository/org/glassfish/jaxb/jaxb-runtime/4.0.5/jaxb-runtime-4.0.5.jar:/home/oleg/.m2/repository/org/glassfish/jaxb/jaxb-core/4.0.5/jaxb-core-4.0.5.jar:/home/oleg/.m2/repository/org/eclipse/angus/angus-activation/2.0.2/angus-activation-2.0.2.jar:/home/oleg/.m2/repository/org/glassfish/jaxb/txw2/4.0.5/txw2-4.0.5.jar:/home/oleg/.m2/repository/com/sun/istack/istack-commons-runtime/4.1.2/istack-commons-runtime-4.1.2.jar:/home/oleg/.m2/repository/jakarta/inject/jakarta.inject-api/2.0.1/jakarta.inject-api-2.0.1.jar:/home/oleg/.m2/repository/org/antlr/antlr4-runtime/4.13.0/antlr4-runtime-4.13.0.jar:/home/oleg/.m2/repository/org/springframework/data/spring-data-jpa/3.3.1/spring-data-jpa-3.3.1.jar:/home/oleg/.m2/repository/org/springframework/data/spring-data-commons/3.3.1/spring-data-commons-3.3.1.jar:/home/oleg/.m2/repository/org/springframework/spring-orm/6.1.10/spring-orm-6.1.10.jar:/home/oleg/.m2/repository/org/springframework/spring-tx/6.1.10/spring-tx-6.1.10.jar:/home/oleg/.m2/repository/org/springframework/spring-aspects/6.1.10/spring-aspects-6.1.10.jar:"/>
    <property name="sun.cpu.endian" value="little"/>
    <property name="user.home" value="/home/oleg"/>
    <property name="user.language" value="en"/>
    <property name="java.specification.vendor" value="Oracle Corporation"/>
    <property name="java.version.date" value="2023-04-18"/>
    <property name="java.home" value="/usr/lib/jvm/java-17-openjdk-amd64"/>
    <property name="file.separator" value="/"/>
    <property name="basedir" value="/home/oleg/Downloads/gift_and_go_task/gift_and_go_task"/>
    <property name="java.vm.compressedOopsMode" value="Zero based"/>
    <property name="line.separator" value="&#10;"/>
    <property name="java.specification.name" value="Java Platform API Specification"/>
    <property name="java.vm.specification.vendor" value="Oracle Corporation"/>
    <property name="FILE_LOG_CHARSET" value="UTF-8"/>
    <property name="java.awt.headless" value="true"/>
    <property name="surefire.real.class.path" value="/home/oleg/Downloads/gift_and_go_task/gift_and_go_task/target/surefire/surefirebooter-20240705124630293_3.jar"/>
    <property name="sun.management.compiler" value="HotSpot 64-Bit Tiered Compilers"/>
    <property name="java.runtime.version" value="17.0.7+7-Ubuntu-0ubuntu118.04"/>
    <property name="user.name" value="oleg"/>
    <property name="path.separator" value=":"/>
    <property name="os.version" value="5.4.0-150-generic"/>
    <property name="java.runtime.name" value="OpenJDK Runtime Environment"/>
    <property name="file.encoding" value="UTF-8"/>
    <property name="java.vm.name" value="OpenJDK 64-Bit Server VM"/>
    <property name="localRepository" value="/home/oleg/.m2/repository"/>
    <property name="javax.xml.xpath.XPathFactory:http://java.sun.com/jaxp/xpath/dom" value="com.sun.org.apache.xpath.internal.jaxp.XPathFactoryImpl"/>
    <property name="java.vendor.url.bug" value="Unknown"/>
    <property name="jetty.git.hash" value="4231a3b2e4cb8548a412a789936d640a97b1aa0a"/>
    <property name="java.io.tmpdir" value="/tmp"/>
    <property name="wiremock.org.eclipse.jetty.http.HttpGenerator.STRICT" value="true"/>
    <property name="catalina.home" value="/tmp/tomcat.8081.15608253609944744189"/>
    <property name="com.zaxxer.hikari.pool_number" value="3"/>
    <property name="java.version" value="17.0.7"/>
    <property name="user.dir" value="/home/oleg/Downloads/gift_and_go_task/gift_and_go_task"/>
    <property name="os.arch" value="amd64"/>
    <property name="java.vm.specification.name" value="Java Virtual Machine Specification"/>
    <property name="PID" value="12309"/>
    <property name="CONSOLE_LOG_CHARSET" value="UTF-8"/>
    <property name="catalina.base" value="/tmp/tomcat.8081.15608253609944744189"/>
    <property name="native.encoding" value="UTF-8"/>
    <property name="java.library.path" value="/usr/java/packages/lib:/usr/lib/x86_64-linux-gnu/jni:/lib/x86_64-linux-gnu:/usr/lib/x86_64-linux-gnu:/usr/lib/jni:/lib:/usr/lib"/>
    <property name="java.vm.info" value="mixed mode, sharing"/>
    <property name="java.vendor" value="Private Build"/>
    <property name="java.vm.version" value="17.0.7+7-Ubuntu-0ubuntu118.04"/>
    <property name="sun.io.unicode.encoding" value="UnicodeLittle"/>
    <property name="javax.xml.transform.TransformerFactory" value="com.sun.org.apache.xalan.internal.xsltc.trax.TransformerFactoryImpl"/>
    <property name="java.class.version" value="61.0"/>
    <property name="LOGGED_APPLICATION_NAME" value="[demo] "/>
  </properties>
  <testcase name="testLoggingToDB" classname="com.example.demo.service.DBLoggerServiceTest" time="0.245">
    <system-out><![CDATA[2024-07-05T12:46:43.827+01:00  INFO 12309 --- [demo] [           main] t.c.s.AnnotationConfigContextLoaderUtils : Could not detect default configuration classes for test class [com.example.demo.service.DBLoggerServiceTest]: DBLoggerServiceTest does not declare any static, non-private, non-final, nested classes annotated with @Configuration.
2024-07-05T12:46:43.844+01:00  INFO 12309 --- [demo] [           main] .b.t.c.SpringBootTestContextBootstrapper : Found @SpringBootConfiguration com.example.demo.DemoApplication for test class com.example.demo.service.DBLoggerServiceTest
]]></system-out>
  </testcase>
</testsuite>